# JRE version: OpenJDK Runtime Environment (11.0.10) (build 11.0.10+0-b96-7249189)
# Java VM: OpenJDK 64-Bit Server VM (11.0.10+0-b96-7249189, mixed mode, tiered, compressed oops, g1 gc, windows-amd64)
Heap:
 garbage-first heap   total 281600K, used 35840K [0x0000000721000000, 0x0000000800000000)
  region size 1024K, 11 young (11264K), 11 survivors (11264K)
 Metaspace       used 49707K, capacity 50215K, committed 50304K, reserved 1093632K
  class space    used 5771K, capacity 5980K, committed 6016K, reserved 1048576K
GC Heap History (11 events):
Event: 0.460 GC heap before
{Heap before GC invocations=0 (full 0):
 garbage-first heap   total 229376K, used 27648K [0x0000000721000000, 0x0000000800000000)
  region size 1024K, 24 young (24576K), 0 survivors (0K)
 Metaspace       used 12303K, capacity 12341K, committed 12544K, reserved 1060864K
  class space    used 1157K, capacity 1174K, committed 1280K, reserved 1048576K
}
Event: 0.462 GC heap after
{Heap after GC invocations=1 (full 0):
 garbage-first heap   total 229376K, used 5974K [0x0000000721000000, 0x0000000800000000)
  region size 1024K, 3 young (3072K), 3 survivors (3072K)
 Metaspace       used 12303K, capacity 12341K, committed 12544K, reserved 1060864K
  class space    used 1157K, capacity 1174K, committed 1280K, reserved 1048576K
}
Event: 0.956 GC heap before
{Heap before GC invocations=1 (full 0):
 garbage-first heap   total 229376K, used 42838K [0x0000000721000000, 0x0000000800000000)
  region size 1024K, 40 young (40960K), 3 survivors (3072K)
 Metaspace       used 20982K, capacity 21147K, committed 21248K, reserved 1069056K
  class space    used 2215K, capacity 2278K, committed 2304K, reserved 1048576K
}
Event: 0.966 GC heap after
{Heap after GC invocations=2 (full 0):
 garbage-first heap   total 229376K, used 9447K [0x0000000721000000, 0x0000000800000000)
  region size 1024K, 7 young (7168K), 7 survivors (7168K)
 Metaspace       used 20982K, capacity 21147K, committed 21248K, reserved 1069056K
  class space    used 2215K, capacity 2278K, committed 2304K, reserved 1048576K
}
Event: 1.716 GC heap before
{Heap before GC invocations=3 (full 0):
 garbage-first heap   total 229376K, used 73959K [0x0000000721000000, 0x0000000800000000)
  region size 1024K, 58 young (59392K), 7 survivors (7168K)
 Metaspace       used 32430K, capacity 32913K, committed 33152K, reserved 1079296K
  class space    used 4031K, capacity 4211K, committed 4224K, reserved 1048576K
}
Event: 1.727 GC heap after
{Heap after GC invocations=4 (full 0):
 garbage-first heap   total 229376K, used 23661K [0x0000000721000000, 0x0000000800000000)
  region size 1024K, 8 young (8192K), 8 survivors (8192K)
 Metaspace       used 32430K, capacity 32913K, committed 33152K, reserved 1079296K
  class space    used 4031K, capacity 4211K, committed 4224K, reserved 1048576K
}
Event: 1.880 GC heap before
{Heap before GC invocations=4 (full 0):
 garbage-first heap   total 229376K, used 34925K [0x0000000721000000, 0x0000000800000000)
  region size 1024K, 20 young (20480K), 8 survivors (8192K)
 Metaspace       used 35028K, capacity 35452K, committed 35584K, reserved 1081344K
  class space    used 4320K, capacity 4503K, committed 4608K, reserved 1048576K
}
Event: 1.893 GC heap after
{Heap after GC invocations=5 (full 0):
 garbage-first heap   total 229376K, used 25299K [0x0000000721000000, 0x0000000800000000)
  region size 1024K, 6 young (6144K), 6 survivors (6144K)
 Metaspace       used 35028K, capacity 35452K, committed 35584K, reserved 1081344K
  class space    used 4320K, capacity 4503K, committed 4608K, reserved 1048576K
}
Event: 2.242 GC heap before
{Heap before GC invocations=6 (full 0):
 garbage-first heap   total 229376K, used 56019K [0x0000000721000000, 0x0000000800000000)
  region size 1024K, 36 young (36864K), 6 survivors (6144K)
 Metaspace       used 40779K, capacity 41187K, committed 41472K, reserved 1085440K
  class space    used 4867K, capacity 5025K, committed 5120K, reserved 1048576K
}
Event: 2.248 GC heap after
{Heap after GC invocations=7 (full 0):
 garbage-first heap   total 229376K, used 28194K [0x0000000721000000, 0x0000000800000000)
  region size 1024K, 5 young (5120K), 5 survivors (5120K)
 Metaspace       used 40779K, capacity 41187K, committed 41472K, reserved 1085440K
  class space    used 4867K, capacity 5025K, committed 5120K, reserved 1048576K
}
Event: 3.267 GC heap before
{Heap before GC invocations=7 (full 0):
 garbage-first heap   total 229376K, used 108066K [0x0000000721000000, 0x0000000800000000)
  region size 1024K, 82 young (83968K), 5 survivors (5120K)
 Metaspace       used 49707K, capacity 50215K, committed 50304K, reserved 1093632K
  class space    used 5771K, capacity 5980K, committed 6016K, reserved 1048576K
}

