# JRE version: OpenJDK Runtime Environment (11.0.10) (build 11.0.10+0-b96-7249189)
# Java VM: OpenJDK 64-Bit Server VM (11.0.10+0-b96-7249189, mixed mode, tiered, compressed oops, g1 gc, windows-amd64)
Heap:
 garbage-first heap   total 229376K, used 61996K [0x0000000721000000, 0x0000000800000000)
  region size 1024K, 38 young (38912K), 5 survivors (5120K)
 Metaspace       used 46076K, capacity 46588K, committed 46848K, reserved 1091584K
  class space    used 5427K, capacity 5609K, committed 5632K, reserved 1048576K
GC Heap History (10 events):
Event: 0.506 GC heap before
{Heap before GC invocations=0 (full 0):
 garbage-first heap   total 229376K, used 27648K [0x0000000721000000, 0x0000000800000000)
  region size 1024K, 24 young (24576K), 0 survivors (0K)
 Metaspace       used 12305K, capacity 12341K, committed 12544K, reserved 1060864K
  class space    used 1157K, capacity 1174K, committed 1280K, reserved 1048576K
}
Event: 0.508 GC heap after
{Heap after GC invocations=1 (full 0):
 garbage-first heap   total 229376K, used 5768K [0x0000000721000000, 0x0000000800000000)
  region size 1024K, 3 young (3072K), 3 survivors (3072K)
 Metaspace       used 12305K, capacity 12341K, committed 12544K, reserved 1060864K
  class space    used 1157K, capacity 1174K, committed 1280K, reserved 1048576K
}
Event: 1.044 GC heap before
{Heap before GC invocations=1 (full 0):
 garbage-first heap   total 229376K, used 42632K [0x0000000721000000, 0x0000000800000000)
  region size 1024K, 40 young (40960K), 3 survivors (3072K)
 Metaspace       used 20974K, capacity 21148K, committed 21248K, reserved 1069056K
  class space    used 2215K, capacity 2278K, committed 2304K, reserved 1048576K
}
Event: 1.055 GC heap after
{Heap after GC invocations=2 (full 0):
 garbage-first heap   total 229376K, used 9477K [0x0000000721000000, 0x0000000800000000)
  region size 1024K, 7 young (7168K), 7 survivors (7168K)
 Metaspace       used 20974K, capacity 21148K, committed 21248K, reserved 1069056K
  class space    used 2215K, capacity 2278K, committed 2304K, reserved 1048576K
}
Event: 1.917 GC heap before
{Heap before GC invocations=3 (full 0):
 garbage-first heap   total 229376K, used 73989K [0x0000000721000000, 0x0000000800000000)
  region size 1024K, 58 young (59392K), 7 survivors (7168K)
 Metaspace       used 32425K, capacity 32849K, committed 32896K, reserved 1077248K
  class space    used 4030K, capacity 4211K, committed 4224K, reserved 1048576K
}
Event: 1.930 GC heap after
{Heap after GC invocations=4 (full 0):
 garbage-first heap   total 229376K, used 23689K [0x0000000721000000, 0x0000000800000000)
  region size 1024K, 8 young (8192K), 8 survivors (8192K)
 Metaspace       used 32425K, capacity 32849K, committed 32896K, reserved 1077248K
  class space    used 4030K, capacity 4211K, committed 4224K, reserved 1048576K
}
Event: 2.085 GC heap before
{Heap before GC invocations=4 (full 0):
 garbage-first heap   total 229376K, used 34953K [0x0000000721000000, 0x0000000800000000)
  region size 1024K, 20 young (20480K), 8 survivors (8192K)
 Metaspace       used 35002K, capacity 35452K, committed 35584K, reserved 1081344K
  class space    used 4318K, capacity 4503K, committed 4608K, reserved 1048576K
}
Event: 2.096 GC heap after
{Heap after GC invocations=5 (full 0):
 garbage-first heap   total 229376K, used 25260K [0x0000000721000000, 0x0000000800000000)
  region size 1024K, 10 young (10240K), 10 survivors (10240K)
 Metaspace       used 35002K, capacity 35452K, committed 35584K, reserved 1081344K
  class space    used 4318K, capacity 4503K, committed 4608K, reserved 1048576K
}
Event: 2.507 GC heap before
{Heap before GC invocations=6 (full 0):
 garbage-first heap   total 229376K, used 54956K [0x0000000721000000, 0x0000000800000000)
  region size 1024K, 39 young (39936K), 10 survivors (10240K)
 Metaspace       used 40308K, capacity 40770K, committed 40960K, reserved 1085440K
  class space    used 4816K, capacity 4993K, committed 5120K, reserved 1048576K
}
Event: 2.517 GC heap after
{Heap after GC invocations=7 (full 0):
 garbage-first heap   total 229376K, used 28204K [0x0000000721000000, 0x0000000800000000)
  region size 1024K, 5 young (5120K), 5 survivors (5120K)
 Metaspace       used 40308K, capacity 40770K, committed 40960K, reserved 1085440K
  class space    used 4816K, capacity 4993K, committed 5120K, reserved 1048576K
}

